<?xml version="1.0" encoding="UTF-8"?>
<!-- Generated by org.testng.reporters.JUnitXMLReporter -->
<testsuite hostname="CV0111020435" ignored="0" name="Test" tests="4" failures="0" timestamp="05 Sep 2018 08:38:22 GMT" time="37.619" errors="0">
  <testcase name="@BeforeClass OneTimeConfig" time="37.572" classname="completeSanityWebAndroid.CompleteWebAndAndroidSanity">
    <failure type="java.lang.NoClassDefFoundError" message="org/slf4j/Logger">
      <![CDATA[java.lang.NoClassDefFoundError: org/slf4j/Logger
at org.apache.logging.slf4j.SLF4JLoggerContext.getLogger(SLF4JLoggerContext.java:39)
at org.apache.logging.log4j.jcl.LogAdapter.newLogger(LogAdapter.java:34)
at org.apache.logging.log4j.jcl.LogAdapter.newLogger(LogAdapter.java:30)
at org.apache.logging.log4j.spi.AbstractLoggerAdapter.getLogger(AbstractLoggerAdapter.java:52)
at org.apache.logging.log4j.jcl.LogFactoryImpl.getInstance(LogFactoryImpl.java:40)
at org.apache.logging.log4j.jcl.LogFactoryImpl.getInstance(LogFactoryImpl.java:55)
at org.apache.commons.logging.LogFactory.getLog(LogFactory.java:655)
at org.apache.http.conn.ssl.AbstractVerifier.<init>(AbstractVerifier.java:61)
at org.apache.http.conn.ssl.AllowAllHostnameVerifier.<init>(AllowAllHostnameVerifier.java:44)
at org.apache.http.conn.ssl.AllowAllHostnameVerifier.<clinit>(AllowAllHostnameVerifier.java:46)
at org.apache.http.conn.ssl.SSLConnectionSocketFactory.<clinit>(SSLConnectionSocketFactory.java:146)
at org.openqa.selenium.remote.internal.HttpClientFactory.getClientConnectionManager(HttpClientFactory.java:72)
at org.openqa.selenium.remote.internal.HttpClientFactory.<init>(HttpClientFactory.java:58)
at org.openqa.selenium.remote.internal.HttpClientFactory.<init>(HttpClientFactory.java:61)
at org.openqa.selenium.remote.internal.ApacheHttpClient$Factory.getDefaultHttpClientFactory(ApacheHttpClient.java:253)
at org.openqa.selenium.remote.internal.ApacheHttpClient$Factory.<init>(ApacheHttpClient.java:224)
at io.appium.java_client.remote.AppiumCommandExecutor.<init>(AppiumCommandExecutor.java:69)
at io.appium.java_client.AppiumDriver.<init>(AppiumDriver.java:92)
at io.appium.java_client.android.AndroidDriver.<init>(AndroidDriver.java:72)
at completeSanityWebAndroid.QuickMonitoringbase.initializeAndroidDriverNetsfere(QuickMonitoringbase.java:127)
at completeSanityWebAndroid.CompleteWebAndAndroidSanity.OneTimeConfig(CompleteWebAndAndroidSanity.java:53)
Caused by: java.lang.ClassNotFoundException: org.slf4j.Logger
at java.net.URLClassLoader.findClass(Unknown Source)
at java.lang.ClassLoader.loadClass(Unknown Source)
at sun.misc.Launcher$AppClassLoader.loadClass(Unknown Source)
at java.lang.ClassLoader.loadClass(Unknown Source)
... 47 more
... Removed 26 stack frames]]>
    </failure>
  </testcase> <!-- @BeforeClass OneTimeConfig -->
  <testcase name="@BeforeMethod Setup" time="0.0" classname="completeSanityWebAndroid.CompleteWebAndAndroidSanity">
    <skipped/>
  </testcase> <!-- @BeforeMethod Setup -->
  <testcase name="@BeforeMethod Setup" time="0.0" classname="completeSanityWebAndroid.CompleteWebAndAndroidSanity">
    <skipped/>
  </testcase> <!-- @BeforeMethod Setup -->
  <testcase name="@BeforeMethod Setup" time="0.0" classname="completeSanityWebAndroid.CompleteWebAndAndroidSanity">
    <skipped/>
  </testcase> <!-- @BeforeMethod Setup -->
  <testcase name="@BeforeMethod Setup" time="0.0" classname="completeSanityWebAndroid.CompleteWebAndAndroidSanity">
    <skipped/>
  </testcase> <!-- @BeforeMethod Setup -->
  <testcase name="TC1" time="0.0" classname="completeSanityWebAndroid.CompleteWebAndAndroidSanity">
    <skipped/>
  </testcase> <!-- TC1 -->
  <testcase name="Channel" time="0.0" classname="completeSanityWebAndroid.CompleteWebAndAndroidSanity">
    <skipped/>
  </testcase> <!-- Channel -->
  <testcase name="TC11" time="0.0" classname="completeSanityWebAndroid.CompleteWebAndAndroidSanity">
    <skipped/>
  </testcase> <!-- TC11 -->
  <testcase name="LiveScenarios" time="0.0" classname="completeSanityWebAndroid.CompleteWebAndAndroidSanity">
    <skipped/>
  </testcase> <!-- LiveScenarios -->
</testsuite> <!-- Test -->
